<?xml version="1.0" encoding="UTF-8"?>
<!-- Generated by org.testng.reporters.JUnitReportReporter -->
<testsuite hostname="USMUMAWANGA11" failures="0" tests="1" name="com.test.testcases.PutTests" time="0.580" errors="0" timestamp="2024-05-03T12:14:15 IST" skipped="0">
  <testcase classname="com.test.testcases.PutTests" name="updateAPlayList" time="0.580"/>
  <system-out/>
</testsuite> <!-- com.test.testcases.PutTests -->
